<?xml version="1.0" encoding="UTF-8"?>
<testng-results skipped="0" failed="1" ignored="0" total="6" passed="5">
  <reporter-output>
  </reporter-output>
  <suite name="TestSuite" duration-ms="13199" started-at="2022-10-05T10:15:31 IST" finished-at="2022-10-05T10:15:44 IST">
    <groups>
    </groups>
    <test name="RestAssured" duration-ms="13199" started-at="2022-10-05T10:15:31 IST" finished-at="2022-10-05T10:15:44 IST">
      <class name="frameworkDesgin.TestCases.TC003_PostEmployeeData">
        <test-method status="PASS" signature="setUp()[pri:0, instance:frameworkDesgin.TestCases.TC003_PostEmployeeData@eafc191]" name="setUp" is-config="true" duration-ms="3" started-at="2022-10-05T10:15:43 IST" finished-at="2022-10-05T10:15:43 IST">
          <reporter-output>
          </reporter-output>
        </test-method> <!-- setUp -->
        <test-method status="PASS" signature="postData()[pri:0, instance:frameworkDesgin.TestCases.TC003_PostEmployeeData@eafc191]" name="postData" is-config="true" duration-ms="1654" started-at="2022-10-05T10:15:43 IST" finished-at="2022-10-05T10:15:44 IST">
          <reporter-output>
          </reporter-output>
        </test-method> <!-- postData -->
        <test-method status="PASS" signature="getSatusCode()[pri:0, instance:frameworkDesgin.TestCases.TC003_PostEmployeeData@eafc191]" name="getSatusCode" duration-ms="3" started-at="2022-10-05T10:15:44 IST" finished-at="2022-10-05T10:15:44 IST">
          <reporter-output>
          </reporter-output>
        </test-method> <!-- getSatusCode -->
        <test-method status="PASS" signature="valiateResponseBody()[pri:0, instance:frameworkDesgin.TestCases.TC003_PostEmployeeData@eafc191]" name="valiateResponseBody" duration-ms="3" started-at="2022-10-05T10:15:44 IST" finished-at="2022-10-05T10:15:44 IST">
          <reporter-output>
          </reporter-output>
        </test-method> <!-- valiateResponseBody -->
        <test-method status="PASS" signature="tearDown()[pri:0, instance:frameworkDesgin.TestCases.TC003_PostEmployeeData@eafc191]" name="tearDown" is-config="true" duration-ms="1" started-at="2022-10-05T10:15:44 IST" finished-at="2022-10-05T10:15:44 IST">
          <reporter-output>
          </reporter-output>
        </test-method> <!-- tearDown -->
      </class> <!-- frameworkDesgin.TestCases.TC003_PostEmployeeData -->
      <class name="frameworkDesgin.TestCases.TC002_GetEmployeeData">
        <test-method status="PASS" signature="setUp()[pri:0, instance:frameworkDesgin.TestCases.TC002_GetEmployeeData@4eb7f003]" name="setUp" is-config="true" duration-ms="16" started-at="2022-10-05T10:15:42 IST" finished-at="2022-10-05T10:15:42 IST">
          <reporter-output>
          </reporter-output>
        </test-method> <!-- setUp -->
        <test-method status="PASS" signature="getEmployeeIDResponse()[pri:0, instance:frameworkDesgin.TestCases.TC002_GetEmployeeData@4eb7f003]" name="getEmployeeIDResponse" is-config="true" duration-ms="572" started-at="2022-10-05T10:15:42 IST" finished-at="2022-10-05T10:15:43 IST">
          <reporter-output>
          </reporter-output>
        </test-method> <!-- getEmployeeIDResponse -->
        <test-method status="FAIL" signature="getDataID()[pri:0, instance:frameworkDesgin.TestCases.TC002_GetEmployeeData@4eb7f003]" name="getDataID" duration-ms="39" started-at="2022-10-05T10:15:43 IST" finished-at="2022-10-05T10:15:43 IST">
          <exception class="java.lang.NullPointerException">
            <full-stacktrace>
              <![CDATA[java.lang.NullPointerException
at frameworkDesgin.TestCases.TC002_GetEmployeeData.getDataID(TC002_GetEmployeeData.java:44)
at sun.reflect.NativeMethodAccessorImpl.invoke0(Native Method)
at sun.reflect.NativeMethodAccessorImpl.invoke(Unknown Source)
at sun.reflect.DelegatingMethodAccessorImpl.invoke(Unknown Source)
at java.lang.reflect.Method.invoke(Unknown Source)
at org.testng.internal.MethodInvocationHelper.invokeMethod(MethodInvocationHelper.java:132)
at org.testng.internal.TestInvoker.invokeMethod(TestInvoker.java:599)
at org.testng.internal.TestInvoker.invokeTestMethod(TestInvoker.java:174)
at org.testng.internal.MethodRunner.runInSequence(MethodRunner.java:46)
at org.testng.internal.TestInvoker$MethodInvocationAgent.invoke(TestInvoker.java:822)
at org.testng.internal.TestInvoker.invokeTestMethods(TestInvoker.java:147)
at org.testng.internal.TestMethodWorker.invokeTestMethods(TestMethodWorker.java:146)
at org.testng.internal.TestMethodWorker.run(TestMethodWorker.java:128)
at java.util.ArrayList.forEach(Unknown Source)
at org.testng.TestRunner.privateRun(TestRunner.java:764)
at org.testng.TestRunner.run(TestRunner.java:585)
at org.testng.SuiteRunner.runTest(SuiteRunner.java:384)
at org.testng.SuiteRunner.runSequentially(SuiteRunner.java:378)
at org.testng.SuiteRunner.privateRun(SuiteRunner.java:337)
at org.testng.SuiteRunner.run(SuiteRunner.java:286)
at org.testng.SuiteRunnerWorker.runSuite(SuiteRunnerWorker.java:53)
at org.testng.SuiteRunnerWorker.run(SuiteRunnerWorker.java:96)
at org.testng.TestNG.runSuitesSequentially(TestNG.java:1218)
at org.testng.TestNG.runSuitesLocally(TestNG.java:1140)
at org.testng.TestNG.runSuites(TestNG.java:1069)
at org.testng.TestNG.run(TestNG.java:1037)
at org.testng.remote.AbstractRemoteTestNG.run(AbstractRemoteTestNG.java:115)
at org.testng.remote.RemoteTestNG.initAndRun(RemoteTestNG.java:251)
at org.testng.remote.RemoteTestNG.main(RemoteTestNG.java:77)
]]>
            </full-stacktrace>
          </exception> <!-- java.lang.NullPointerException -->
          <reporter-output>
          </reporter-output>
        </test-method> <!-- getDataID -->
        <test-method status="PASS" signature="getEmployeeData()[pri:0, instance:frameworkDesgin.TestCases.TC002_GetEmployeeData@4eb7f003]" name="getEmployeeData" duration-ms="5" started-at="2022-10-05T10:15:43 IST" finished-at="2022-10-05T10:15:43 IST">
          <reporter-output>
          </reporter-output>
        </test-method> <!-- getEmployeeData -->
        <test-method status="PASS" signature="getStatusCode()[pri:0, instance:frameworkDesgin.TestCases.TC002_GetEmployeeData@4eb7f003]" name="getStatusCode" duration-ms="3" started-at="2022-10-05T10:15:43 IST" finished-at="2022-10-05T10:15:43 IST">
          <reporter-output>
          </reporter-output>
        </test-method> <!-- getStatusCode -->
        <test-method status="PASS" signature="teardown()[pri:0, instance:frameworkDesgin.TestCases.TC002_GetEmployeeData@4eb7f003]" name="teardown" is-config="true" duration-ms="1" started-at="2022-10-05T10:15:43 IST" finished-at="2022-10-05T10:15:43 IST">
          <reporter-output>
          </reporter-output>
        </test-method> <!-- teardown -->
      </class> <!-- frameworkDesgin.TestCases.TC002_GetEmployeeData -->
      <class name="frameworkDesgin.TestCases.TC001_GetAllDetails">
        <test-method status="PASS" signature="setUp()[pri:0, instance:frameworkDesgin.TestCases.TC001_GetAllDetails@87f383f]" name="setUp" is-config="true" duration-ms="87" started-at="2022-10-05T10:15:32 IST" finished-at="2022-10-05T10:15:32 IST">
          <reporter-output>
          </reporter-output>
        </test-method> <!-- setUp -->
        <test-method status="PASS" signature="getAllDetails()[pri:0, instance:frameworkDesgin.TestCases.TC001_GetAllDetails@87f383f]" name="getAllDetails" is-config="true" duration-ms="9905" started-at="2022-10-05T10:15:32 IST" finished-at="2022-10-05T10:15:42 IST">
          <reporter-output>
          </reporter-output>
        </test-method> <!-- getAllDetails -->
        <test-method status="PASS" signature="verifyStatusCode()[pri:0, instance:frameworkDesgin.TestCases.TC001_GetAllDetails@87f383f]" name="verifyStatusCode" duration-ms="15" started-at="2022-10-05T10:15:42 IST" finished-at="2022-10-05T10:15:42 IST">
          <reporter-output>
          </reporter-output>
        </test-method> <!-- verifyStatusCode -->
        <test-method status="PASS" signature="tearDown()[pri:0, instance:frameworkDesgin.TestCases.TC001_GetAllDetails@87f383f]" name="tearDown" is-config="true" duration-ms="3" started-at="2022-10-05T10:15:42 IST" finished-at="2022-10-05T10:15:42 IST">
          <reporter-output>
          </reporter-output>
        </test-method> <!-- tearDown -->
      </class> <!-- frameworkDesgin.TestCases.TC001_GetAllDetails -->
    </test> <!-- RestAssured -->
  </suite> <!-- TestSuite -->
</testng-results>
