<?xml version="1.0" encoding="UTF-8"?>
<!-- Generated by org.testng.reporters.JUnitXMLReporter -->
<testsuite hostname="DESKTOP-5DO5II5" ignored="0" name="Default test" tests="2" failures="0" timestamp="2022-10-04T09:49:11 IST" time="4.93" errors="0">
  <testcase name="getSatusCode" time="0.013" classname="frameworkDesgin.TestCases.TC003_PostEmployeeData"/>
  <testcase name="valiateResponseBody" time="0.045" classname="frameworkDesgin.TestCases.TC003_PostEmployeeData"/>
</testsuite> <!-- Default test -->
