<?xml version="1.0" encoding="UTF-8"?>
<!-- Generated by org.testng.reporters.JUnitXMLReporter -->
<testsuite hostname="DESKTOP-5DO5II5" ignored="0" name="RestAssured" tests="6" failures="1" timestamp="2022-10-05T10:15:44 IST" time="13.199" errors="0">
  <testcase name="verifyStatusCode" time="0.015" classname="frameworkDesgin.TestCases.TC001_GetAllDetails"/>
  <testcase name="getDataID" time="0.039" classname="frameworkDesgin.TestCases.TC002_GetEmployeeData">
    <failure type="java.lang.NullPointerException">
      <![CDATA[java.lang.NullPointerException
at frameworkDesgin.TestCases.TC002_GetEmployeeData.getDataID(TC002_GetEmployeeData.java:44)
at java.util.ArrayList.forEach(Unknown Source)
... Removed 27 stack frames]]>
    </failure>
  </testcase> <!-- getDataID -->
  <testcase name="getEmployeeData" time="0.005" classname="frameworkDesgin.TestCases.TC002_GetEmployeeData"/>
  <testcase name="getStatusCode" time="0.003" classname="frameworkDesgin.TestCases.TC002_GetEmployeeData"/>
  <testcase name="getSatusCode" time="0.003" classname="frameworkDesgin.TestCases.TC003_PostEmployeeData"/>
  <testcase name="valiateResponseBody" time="0.003" classname="frameworkDesgin.TestCases.TC003_PostEmployeeData"/>
</testsuite> <!-- RestAssured -->
